2024-12-08 00:14:28,730 - logging_config - INFO - Initialized CaesarCipher with key: 3
2024-12-08 00:14:28,730 - logging_config - INFO - Decrypting with CaesarCipher: KHOOR
2024-12-08 00:14:28,731 - logging_config - DEBUG - Trace :Shifting text: KHOOR with shift: -3
2024-12-08 00:14:28,731 - logging_config - DEBUG - Trace : Shifted text result: HELLO
2024-12-08 00:14:28,731 - logging_config - INFO - Initialized CaesarCipher with key: 3
2024-12-08 00:14:28,731 - logging_config - INFO - Encrypting with CaesarCipher: HELLO
2024-12-08 00:14:28,731 - logging_config - DEBUG - Trace :Shifting text: HELLO with shift: 3
2024-12-08 00:14:28,731 - logging_config - DEBUG - Trace : Shifted text result: KHOOR
2024-12-08 00:14:28,731 - logging_config - INFO - Initialized CaesarCipher with key: 3
2024-12-08 00:14:28,731 - logging_config - INFO - Encrypting with CaesarCipher: HELLO WORLD!
2024-12-08 00:14:28,731 - logging_config - DEBUG - Trace :Shifting text: HELLO WORLD! with shift: 3
2024-12-08 00:14:28,731 - logging_config - DEBUG - Trace : Shifted text result: KHOOR ZRUOG!
2024-12-08 00:14:28,731 - logging_config - INFO - Initializing PlayfairCipher with key: KEYWORD
2024-12-08 00:14:28,731 - logging_config - DEBUG - Generated Playfair key matrix: [['K', 'E', 'Y', 'W', 'O'], ['R', 'D', 'A', 'B', 'C'], ['F', 'G', 'H', 'I', 'L'], ['M', 'N', 'P', 'Q', 'S'], ['T', 'U', 'V', 'X', 'Z']]
2024-12-08 00:14:28,731 - logging_config - INFO - Decrypting with PlayfairCipher: DKFVCV
2024-12-08 00:14:28,731 - logging_config - INFO - Processing text: DKFVCV, Mode: decrypt
2024-12-08 00:14:28,731 - logging_config - DEBUG - Text pairs: ['DK', 'FV', 'CV']
2024-12-08 00:14:28,731 - logging_config - DEBUG - Processing pair: DK
2024-12-08 00:14:28,731 - logging_config - DEBUG - Positions: (1, 1), (0, 0)
2024-12-08 00:14:28,731 - logging_config - DEBUG - Intermediate processed text: RE
2024-12-08 00:14:28,731 - logging_config - DEBUG - Processing pair: FV
2024-12-08 00:14:28,731 - logging_config - DEBUG - Positions: (2, 0), (4, 2)
2024-12-08 00:14:28,731 - logging_config - DEBUG - Intermediate processed text: REHT
2024-12-08 00:14:28,731 - logging_config - DEBUG - Processing pair: CV
2024-12-08 00:14:28,731 - logging_config - DEBUG - Positions: (1, 4), (4, 2)
2024-12-08 00:14:28,731 - logging_config - DEBUG - Intermediate processed text: REHTAZ
2024-12-08 00:14:28,731 - logging_config - INFO - Final processed text: REHTAZ
2024-12-08 00:14:28,732 - logging_config - INFO - Initializing PlayfairCipher with key: KEYWORD
2024-12-08 00:14:28,732 - logging_config - DEBUG - Generated Playfair key matrix: [['K', 'E', 'Y', 'W', 'O'], ['R', 'D', 'A', 'B', 'C'], ['F', 'G', 'H', 'I', 'L'], ['M', 'N', 'P', 'Q', 'S'], ['T', 'U', 'V', 'X', 'Z']]
2024-12-08 00:14:28,732 - logging_config - INFO - Encrypting with PlayfairCipher: HELLO
2024-12-08 00:14:28,732 - logging_config - INFO - Processing text: HELLO, Mode: encrypt
2024-12-08 00:14:28,732 - logging_config - DEBUG - Text pairs: ['HE', 'LX', 'LO']
2024-12-08 00:14:28,732 - logging_config - DEBUG - Processing pair: HE
2024-12-08 00:14:28,732 - logging_config - DEBUG - Positions: (2, 2), (0, 1)
2024-12-08 00:14:28,733 - logging_config - DEBUG - Intermediate processed text: GY
2024-12-08 00:14:28,733 - logging_config - DEBUG - Processing pair: LX
2024-12-08 00:14:28,733 - logging_config - DEBUG - Positions: (2, 4), (4, 3)
2024-12-08 00:14:28,733 - logging_config - DEBUG - Intermediate processed text: GYIZ
2024-12-08 00:14:28,733 - logging_config - DEBUG - Processing pair: LO
2024-12-08 00:14:28,733 - logging_config - DEBUG - Positions: (2, 4), (0, 4)
2024-12-08 00:14:28,733 - logging_config - DEBUG - Intermediate processed text: GYIZSC
2024-12-08 00:14:28,733 - logging_config - INFO - Final processed text: GYIZSC
2024-12-08 00:14:28,733 - logging_config - INFO - Initialized VigenereCipher with key: KEY
2024-12-08 00:14:28,733 - logging_config - INFO - Decrypting with VigenereCipher: RIJVS
2024-12-08 00:14:28,733 - logging_config - INFO - Initialized VigenereCipher with key: KEY
2024-12-08 00:14:28,733 - logging_config - INFO - Encrypting with VigenereCipher: HELLO
2024-12-08 00:14:28,733 - logging_config - INFO - Initialized VigenereCipher with key: KEY
2024-12-08 00:14:28,733 - logging_config - INFO - Encrypting with VigenereCipher: HELLO WORLD!
2024-12-08 00:22:50,493 - logging_config - INFO - Initialized CaesarCipher with key: 3
2024-12-08 00:22:50,493 - logging_config - INFO - Decrypting with CaesarCipher: KHOOR
2024-12-08 00:22:50,493 - logging_config - DEBUG - Trace :Shifting text: KHOOR with shift: -3
2024-12-08 00:22:50,493 - logging_config - DEBUG - Trace : Shifted text result: HELLO
2024-12-08 00:22:50,493 - logging_config - INFO - Initialized CaesarCipher with key: 3
2024-12-08 00:22:50,493 - logging_config - INFO - Encrypting with CaesarCipher: HELLO
2024-12-08 00:22:50,493 - logging_config - DEBUG - Trace :Shifting text: HELLO with shift: 3
2024-12-08 00:22:50,493 - logging_config - DEBUG - Trace : Shifted text result: KHOOR
2024-12-08 00:22:50,493 - logging_config - INFO - Initialized CaesarCipher with key: 3
2024-12-08 00:22:50,494 - logging_config - INFO - Encrypting with CaesarCipher: HELLO WORLD!
2024-12-08 00:22:50,494 - logging_config - DEBUG - Trace :Shifting text: HELLO WORLD! with shift: 3
2024-12-08 00:22:50,494 - logging_config - DEBUG - Trace : Shifted text result: KHOOR ZRUOG!
2024-12-08 00:22:50,494 - logging_config - INFO - Initializing PlayfairCipher with key: KEYWORD
2024-12-08 00:22:50,494 - logging_config - DEBUG - Generated Playfair key matrix: [['K', 'E', 'Y', 'W', 'O'], ['R', 'D', 'A', 'B', 'C'], ['F', 'G', 'H', 'I', 'L'], ['M', 'N', 'P', 'Q', 'S'], ['T', 'U', 'V', 'X', 'Z']]
2024-12-08 00:22:50,494 - logging_config - INFO - Decrypting with PlayfairCipher: DKFVCV
2024-12-08 00:22:50,494 - logging_config - INFO - Processing text: DKFVCV, Mode: decrypt
2024-12-08 00:22:50,494 - logging_config - DEBUG - Text pairs: ['DK', 'FV', 'CV']
2024-12-08 00:22:50,494 - logging_config - DEBUG - Processing pair: DK
2024-12-08 00:22:50,494 - logging_config - DEBUG - Positions: (1, 1), (0, 0)
2024-12-08 00:22:50,494 - logging_config - DEBUG - Intermediate processed text: RE
2024-12-08 00:22:50,494 - logging_config - DEBUG - Processing pair: FV
2024-12-08 00:22:50,494 - logging_config - DEBUG - Positions: (2, 0), (4, 2)
2024-12-08 00:22:50,494 - logging_config - DEBUG - Intermediate processed text: REHT
2024-12-08 00:22:50,494 - logging_config - DEBUG - Processing pair: CV
2024-12-08 00:22:50,494 - logging_config - DEBUG - Positions: (1, 4), (4, 2)
2024-12-08 00:22:50,494 - logging_config - DEBUG - Intermediate processed text: REHTAZ
2024-12-08 00:22:50,494 - logging_config - INFO - Final processed text: REHTAZ
2024-12-08 00:22:50,494 - logging_config - INFO - Initializing PlayfairCipher with key: KEYWORD
2024-12-08 00:22:50,494 - logging_config - DEBUG - Generated Playfair key matrix: [['K', 'E', 'Y', 'W', 'O'], ['R', 'D', 'A', 'B', 'C'], ['F', 'G', 'H', 'I', 'L'], ['M', 'N', 'P', 'Q', 'S'], ['T', 'U', 'V', 'X', 'Z']]
2024-12-08 00:22:50,494 - logging_config - INFO - Encrypting with PlayfairCipher: HELLO
2024-12-08 00:22:50,494 - logging_config - INFO - Processing text: HELLO, Mode: encrypt
2024-12-08 00:22:50,494 - logging_config - DEBUG - Text pairs: ['HE', 'LX', 'LO']
2024-12-08 00:22:50,494 - logging_config - DEBUG - Processing pair: HE
2024-12-08 00:22:50,494 - logging_config - DEBUG - Positions: (2, 2), (0, 1)
2024-12-08 00:22:50,494 - logging_config - DEBUG - Intermediate processed text: GY
2024-12-08 00:22:50,494 - logging_config - DEBUG - Processing pair: LX
2024-12-08 00:22:50,494 - logging_config - DEBUG - Positions: (2, 4), (4, 3)
2024-12-08 00:22:50,494 - logging_config - DEBUG - Intermediate processed text: GYIZ
2024-12-08 00:22:50,494 - logging_config - DEBUG - Processing pair: LO
2024-12-08 00:22:50,494 - logging_config - DEBUG - Positions: (2, 4), (0, 4)
2024-12-08 00:22:50,494 - logging_config - DEBUG - Intermediate processed text: GYIZSC
2024-12-08 00:22:50,494 - logging_config - INFO - Final processed text: GYIZSC
2024-12-08 00:22:50,495 - logging_config - INFO - Initialized VigenereCipher with key: KEY
2024-12-08 00:22:50,495 - logging_config - INFO - Decrypting with VigenereCipher: RIJVS
2024-12-08 00:22:50,495 - logging_config - INFO - Initialized VigenereCipher with key: KEY
2024-12-08 00:22:50,495 - logging_config - INFO - Encrypting with VigenereCipher: HELLO
2024-12-08 00:22:50,495 - logging_config - INFO - Initialized VigenereCipher with key: KEY
2024-12-08 00:22:50,495 - logging_config - INFO - Encrypting with VigenereCipher: HELLO WORLD!
